ERROR:root:FIXME: Unimplemented - put('list', 'A sequence of things - created using []')
ERROR:root:FIXME: Unimplemented - get('list')
INFO:root:Constructing Parser
INFO:root:Constructing Parser
DEBUG:root:Constructing put subparser
INFO:root:Constructing Parser
DEBUG:root:Constructing put subparser
INFO:root:Constructing Parser
DEBUG:root:Constructing put subparser
INFO:root:Constructing Parser
DEBUG:root:Constructing put subparser
INFO:root:Constructing Parser
DEBUG:root:Constructing put subparser
INFO:root:Constructing Parser
DEBUG:root:Constructing put subparser
INFO:root:Constructing Parser
DEBUG:root:Constructing put subparser
INFO:root:Constructing Parser
DEBUG:root:Constructing put subparser
ERROR:root:FIXME: Unimplemented - put('Magic', 'Thing wizards do')
INFO:root:Constructing Parser
DEBUG:root:Constructing put subparser
ERROR:root:FIXME: Unimplemented - get('Magic')
INFO:root:Constructing Parser
DEBUG:root:Constructing put subparser
ERROR:root:FIXME: Unimplemented - put('Magic', 'Thing wizards do')
INFO:root:Constructing Parser
DEBUG:root:Constructing put subparser
INFO:root:Constructing Parser
DEBUG:root:Constructing put subparser
ERROR:root:FIXME: Unimplemented - get('Magic')
INFO:root:Constructing Parser
DEBUG:root:Constructing put subparser
ERROR:root:FIXME: Unimplemented - get('Magic')
INFO:root:Constructing Parser
DEBUG:root:Constructing put subparser
ERROR:root:FIXME: Unimplemented - get('Magic')
INFO:root:Constructing Parser
DEBUG:root:Constructing put subparser
ERROR:root:FIXME: Unimplemented - put('snake', 'stupid garden thingy')
INFO:root:Constructing Parser
DEBUG:root:Constructing put subparser
ERROR:root:FIXME: Unimplemented - get('snake')
INFO:root:Constructing Parser
DEBUG:root:Constructing put subparser
ERROR:root:FIXME: Unimplemented - put('snake', 'stupid garden thingy')
INFO:root:Constructing Parser
DEBUG:root:Constructing put subparser
INFO:root:Constructing Parser
DEBUG:root:Constructing put subparser
ERROR:root:FIXME: Unimplemented - put('snake', 'stupid garden thingy')
INFO:root:Constructing Parser
DEBUG:root:Constructing put subparser
ERROR:root:FIXME: Unimplemented - get('snake')
INFO:root:Constructing Parser
DEBUG:root:Constructing put subparser
ERROR:root:FIXME: Unimplemented - put('snake', 'stupid garden thingy')
INFO:root:Constructing Parser
DEBUG:root:Constructing put subparser
ERROR:root:FIXME: Unimplemented - get('snake')
INFO:root:Constructing Parser
DEBUG:root:Constructing put subparser
DEBUG:root:Connecting to PostgreSQL
DEBUG:root:Connecting to PostgreSQL
DEBUG:root:Connecting to PostgreSQL
DEBUG:root:Connecting to PostgreSQL
DEBUG:root:Connecting to PostgreSQL
DEBUG:root:Connecting to PostgreSQL
DEBUG:root:Connecting to PostgreSQL
DEBUG:root:Connecting to PostgreSQL
DEBUG:root:Connecting to PostgreSQL
DEBUG:root:Connecting to PostgreSQL
DEBUG:root:Connecting to PostgreSQL
DEBUG:root:Connecting to PostgreSQL
DEBUG:root:Database connection established.
INFO:root:Constructing Parser
DEBUG:root:Constructing put subparser
DEBUG:root:Connecting to PostgreSQL
DEBUG:root:Database connection established.
INFO:root:Constructing Parser
DEBUG:root:Constructing put subparser
DEBUG:root:Connecting to PostgreSQL
DEBUG:root:Connecting to PostgreSQL
DEBUG:root:Connecting to PostgreSQL
DEBUG:root:Database connection established.
INFO:root:Constructing Parser
DEBUG:root:Constructing put subparser
INFO:root:Storing snippet 'CAR': "a thing to freakin' drive"
DEBUG:root:Snippet stored successfully.
DEBUG:root:Connecting to PostgreSQL
DEBUG:root:Database connection established.
INFO:root:Constructing Parser
DEBUG:root:Constructing put subparser
INFO:root:Storing snippet 'ferret': 'a little friend, a weasel'
DEBUG:root:Snippet stored successfully.
DEBUG:root:Connecting to PostgreSQL
DEBUG:root:Database connection established.
INFO:root:Constructing Parser
DEBUG:root:Constructing put subparser
INFO:root:Retrieving snippet 'ferret'
DEBUG:root:Connecting to PostgreSQL
DEBUG:root:Database connection established.
INFO:root:Constructing Parser
DEBUG:root:Constructing put subparser
INFO:root:Retrieving snippet 'CAR'
DEBUG:root:Connecting to PostgreSQL
DEBUG:root:Database connection established.
INFO:root:Constructing Parser
DEBUG:root:Constructing put subparser
INFO:root:Retrieving snippet 'CAR'
DEBUG:root:Connecting to PostgreSQL
DEBUG:root:Database connection established.
INFO:root:Constructing Parser
DEBUG:root:Constructing put subparser
INFO:root:Retrieving snippet 'CAR'
DEBUG:root:Connecting to PostgreSQL
DEBUG:root:Database connection established.
INFO:root:Constructing Parser
DEBUG:root:Constructing put subparser
INFO:root:Retrieving snippet 'CAR'
DEBUG:root:Connecting to PostgreSQL
DEBUG:root:Database connection established.
INFO:root:Constructing Parser
DEBUG:root:Constructing put subparser
INFO:root:Retrieving snippet 'CAR'
DEBUG:root:Connecting to PostgreSQL
DEBUG:root:Database connection established.
INFO:root:Constructing Parser
DEBUG:root:Constructing put subparser
INFO:root:Retrieving snippet 'CAR'
DEBUG:root:Connecting to PostgreSQL
DEBUG:root:Database connection established.
INFO:root:Constructing Parser
DEBUG:root:Constructing put subparser
INFO:root:Retrieving snippet 'CAR'
DEBUG:root:Connecting to PostgreSQL
DEBUG:root:Database connection established.
INFO:root:Constructing Parser
DEBUG:root:Constructing put subparser
INFO:root:Retrieving snippet 'CAR'
DEBUG:root:Connecting to PostgreSQL
DEBUG:root:Database connection established.
INFO:root:Constructing Parser
DEBUG:root:Constructing put subparser
INFO:root:Retrieving snippet 'CAR'
DEBUG:root:Connecting to PostgreSQL
DEBUG:root:Database connection established.
INFO:root:Constructing Parser
DEBUG:root:Constructing put subparser
INFO:root:Retrieving snippet 'CAR'
DEBUG:root:Connecting to PostgreSQL
DEBUG:root:Database connection established.
INFO:root:Constructing Parser
DEBUG:root:Constructing put subparser
INFO:root:Retrieving snippet 'CAR'
DEBUG:root:Connecting to PostgreSQL
DEBUG:root:Database connection established.
INFO:root:Constructing Parser
DEBUG:root:Constructing put subparser
INFO:root:Storing snippet 'coffee': 'a great drink'
INFO:root:Snippet stored successfully.
DEBUG:root:Connecting to PostgreSQL
DEBUG:root:Database connection established.
INFO:root:Constructing Parser
DEBUG:root:Constructing put subparser
INFO:root:Retrieving snippet 'coffee'
DEBUG:root:Connecting to PostgreSQL
DEBUG:root:Database connection established.
INFO:root:Constructing Parser
DEBUG:root:Constructing put subparser
INFO:root:Retrieving snippet 'coffee'
DEBUG:root:Connecting to PostgreSQL
DEBUG:root:Database connection established.
INFO:root:Constructing Parser
DEBUG:root:Constructing put subparser
INFO:root:Retrieving snippet 'coffee'
DEBUG:root:Connecting to PostgreSQL
DEBUG:root:Database connection established.
INFO:root:Constructing Parser
DEBUG:root:Constructing put subparser
INFO:root:Retrieving snippet 'coffee'
DEBUG:root:Connecting to PostgreSQL
DEBUG:root:Database connection established.
INFO:root:Constructing Parser
DEBUG:root:Constructing put subparser
INFO:root:Retrieving snippet 'coffee'
INFO:root:Snippet fetched successfully
DEBUG:root:Connecting to PostgreSQL
DEBUG:root:Database connection established.
INFO:root:Constructing Parser
DEBUG:root:Constructing put subparser
INFO:root:Retrieving snippet 'coffee'
INFO:root:Snippet fetched successfully
DEBUG:root:Connecting to PostgreSQL
DEBUG:root:Database connection established.
INFO:root:Constructing Parser
DEBUG:root:Constructing put subparser
INFO:root:Retrieving snippet 'coffee'
INFO:root:Snippet fetched successfully
DEBUG:root:Connecting to PostgreSQL
DEBUG:root:Database connection established.
INFO:root:Constructing Parser
DEBUG:root:Constructing put subparser
INFO:root:Retrieving snippet 'coffee'
INFO:root:Snippet fetched successfully
DEBUG:root:Connecting to PostgreSQL
DEBUG:root:Database connection established.
INFO:root:Constructing Parser
DEBUG:root:Constructing put subparser
INFO:root:Retrieving snippet 'coffee'
INFO:root:Snippet fetched successfully
DEBUG:root:Connecting to PostgreSQL
DEBUG:root:Database connection established.
INFO:root:Constructing Parser
DEBUG:root:Constructing put subparser
INFO:root:Retrieving snippet 'coffee'
DEBUG:root:Connecting to PostgreSQL
DEBUG:root:Database connection established.
INFO:root:Constructing Parser
DEBUG:root:Constructing put subparser
INFO:root:Retrieving snippet 'coffee'
DEBUG:root:Connecting to PostgreSQL
DEBUG:root:Database connection established.
INFO:root:Constructing Parser
DEBUG:root:Constructing put subparser
INFO:root:Retrieving snippet 'coffee'
INFO:root:Snippet fetched successfully
DEBUG:root:Connecting to PostgreSQL
DEBUG:root:Database connection established.
INFO:root:Constructing Parser
DEBUG:root:Constructing put subparser
INFO:root:Retrieving snippet 'coffee'
INFO:root:Snippet fetched successfully
DEBUG:root:Connecting to PostgreSQL
DEBUG:root:Database connection established.
INFO:root:Constructing Parser
DEBUG:root:Constructing put subparser
INFO:root:Retrieving snippet 'coffee'
INFO:root:Snippet fetched successfully
DEBUG:root:Connecting to PostgreSQL
DEBUG:root:Database connection established.
INFO:root:Constructing Parser
DEBUG:root:Constructing put subparser
INFO:root:Retrieving snippet 'coffee'
INFO:root:Snippet fetched successfully
DEBUG:root:Connecting to PostgreSQL
DEBUG:root:Database connection established.
INFO:root:Constructing Parser
DEBUG:root:Constructing put subparser
INFO:root:Retrieving snippet 'coffee'
INFO:root:Snippet fetched successfully
DEBUG:root:Connecting to PostgreSQL
DEBUG:root:Database connection established.
INFO:root:Constructing Parser
DEBUG:root:Constructing put subparser
INFO:root:Retrieving snippet 'coffee'
INFO:root:Snippet fetched successfully
DEBUG:root:Connecting to PostgreSQL
DEBUG:root:Database connection established.
INFO:root:Constructing Parser
DEBUG:root:Constructing put subparser
INFO:root:Retrieving snippet 'coffee'
INFO:root:Snippet fetched successfully
DEBUG:root:Connecting to PostgreSQL
DEBUG:root:Database connection established.
INFO:root:Constructing Parser
DEBUG:root:Constructing put subparser
INFO:root:Retrieving snippet 'coffee'
INFO:root:Snippet fetched successfully
DEBUG:root:Connecting to PostgreSQL
DEBUG:root:Database connection established.
INFO:root:Constructing Parser
DEBUG:root:Constructing put subparser
INFO:root:Retrieving snippet 'coffee'
INFO:root:Snippet fetched successfully
DEBUG:root:Connecting to PostgreSQL
DEBUG:root:Database connection established.
INFO:root:Constructing Parser
DEBUG:root:Constructing put subparser
INFO:root:Retrieving snippet 'coffee'
DEBUG:root:Connecting to PostgreSQL
DEBUG:root:Database connection established.
INFO:root:Constructing Parser
DEBUG:root:Constructing put subparser
INFO:root:Retrieving snippet 'coffee'
DEBUG:root:Connecting to PostgreSQL
DEBUG:root:Database connection established.
INFO:root:Constructing Parser
DEBUG:root:Constructing put subparser
INFO:root:Retrieving snippet 'coffee'
DEBUG:root:Connecting to PostgreSQL
DEBUG:root:Database connection established.
INFO:root:Constructing Parser
DEBUG:root:Constructing put subparser
INFO:root:Retrieving snippet 'coffee'
INFO:root:Snippet fetched successfully
DEBUG:root:Connecting to PostgreSQL
DEBUG:root:Database connection established.
INFO:root:Constructing Parser
DEBUG:root:Constructing put subparser
INFO:root:Retrieving snippet 'coffee'
INFO:root:Snippet fetched successfully
DEBUG:root:Connecting to PostgreSQL
DEBUG:root:Database connection established.
INFO:root:Constructing Parser
DEBUG:root:Constructing put subparser
INFO:root:Retrieving snippet 'coffee'
INFO:root:Snippet fetched successfully
DEBUG:root:Connecting to PostgreSQL
DEBUG:root:Database connection established.
INFO:root:Constructing Parser
DEBUG:root:Constructing put subparser
INFO:root:Retrieving snippet 'coffee'
INFO:root:Snippet fetched successfully
DEBUG:root:Connecting to PostgreSQL
DEBUG:root:Database connection established.
INFO:root:Constructing Parser
DEBUG:root:Constructing put subparser
INFO:root:Retrieving snippet 'coffee'
INFO:root:Snippet fetched successfully
DEBUG:root:Connecting to PostgreSQL
DEBUG:root:Database connection established.
INFO:root:Constructing Parser
DEBUG:root:Constructing put subparser
INFO:root:Retrieving snippet 'coffee'
INFO:root:Snippet fetched successfully
DEBUG:root:Connecting to PostgreSQL
DEBUG:root:Database connection established.
INFO:root:Constructing Parser
DEBUG:root:Constructing put subparser
INFO:root:Storing snippet 'computer': 'thing we use'
INFO:root:Snippet stored successfully.
DEBUG:root:Connecting to PostgreSQL
DEBUG:root:Database connection established.
INFO:root:Constructing Parser
DEBUG:root:Constructing put subparser
INFO:root:Retrieving snippet 'coffee'
DEBUG:root:Connecting to PostgreSQL
DEBUG:root:Database connection established.
INFO:root:Constructing Parser
DEBUG:root:Constructing put subparser
INFO:root:Retrieving snippet 'coffee'
DEBUG:root:Connecting to PostgreSQL
DEBUG:root:Database connection established.
INFO:root:Constructing Parser
DEBUG:root:Constructing put subparser
INFO:root:Retrieving snippet 'coffee'
DEBUG:root:Connecting to PostgreSQL
DEBUG:root:Database connection established.
INFO:root:Constructing Parser
DEBUG:root:Constructing put subparser
INFO:root:Retrieving snippet 'coffee'
DEBUG:root:Connecting to PostgreSQL
DEBUG:root:Database connection established.
INFO:root:Constructing Parser
DEBUG:root:Constructing put subparser
INFO:root:Retrieving snippet 'coffee'
DEBUG:root:Connecting to PostgreSQL
DEBUG:root:Database connection established.
INFO:root:Constructing Parser
DEBUG:root:Constructing put subparser
INFO:root:Retrieving snippet 'coffee'
DEBUG:root:Connecting to PostgreSQL
DEBUG:root:Database connection established.
INFO:root:Constructing Parser
DEBUG:root:Constructing put subparser
INFO:root:Retrieving snippet 'coffee'
DEBUG:root:Connecting to PostgreSQL
DEBUG:root:Database connection established.
INFO:root:Constructing Parser
DEBUG:root:Constructing put subparser
INFO:root:Retrieving snippet 'coffee'
DEBUG:root:Connecting to PostgreSQL
DEBUG:root:Database connection established.
INFO:root:Constructing Parser
DEBUG:root:Constructing put subparser
INFO:root:Retrieving snippet 'coffee'
DEBUG:root:Connecting to PostgreSQL
DEBUG:root:Database connection established.
INFO:root:Constructing Parser
DEBUG:root:Constructing put subparser
INFO:root:Retrieving snippet 'coffee'
INFO:root:Snippet fetched successfully
DEBUG:root:Connecting to PostgreSQL
DEBUG:root:Database connection established.
INFO:root:Constructing Parser
DEBUG:root:Constructing put subparser
INFO:root:Retrieving snippet 'reba'
INFO:root:Snippet fetched successfully
DEBUG:root:Connecting to PostgreSQL
DEBUG:root:Database connection established.
INFO:root:Constructing Parser
DEBUG:root:Constructing put subparser
INFO:root:Retrieving snippet 'reba'
INFO:root:Snippet fetched successfully
DEBUG:root:Connecting to PostgreSQL
DEBUG:root:Database connection established.
INFO:root:Constructing Parser
DEBUG:root:Constructing put subparser
INFO:root:Retrieving snippet 'reba'
INFO:root:Snippet fetched successfully
DEBUG:root:Connecting to PostgreSQL
DEBUG:root:Database connection established.
INFO:root:Constructing Parser
DEBUG:root:Constructing put subparser
INFO:root:Retrieving snippet 'reba'
INFO:root:Snippet fetched successfully
DEBUG:root:Connecting to PostgreSQL
DEBUG:root:Database connection established.
INFO:root:Constructing Parser
DEBUG:root:Constructing put subparser
INFO:root:Retrieving snippet 'reba'
INFO:root:Snippet fetched successfully
DEBUG:root:Connecting to PostgreSQL
DEBUG:root:Database connection established.
INFO:root:Constructing Parser
DEBUG:root:Constructing put subparser
INFO:root:Retrieving snippet 'reba'
INFO:root:Snippet fetched successfully
DEBUG:root:Connecting to PostgreSQL
DEBUG:root:Database connection established.
INFO:root:Constructing Parser
DEBUG:root:Constructing put subparser
INFO:root:Retrieving snippet 'CAR'
INFO:root:Snippet fetched successfully
DEBUG:root:Connecting to PostgreSQL
DEBUG:root:Database connection established.
INFO:root:Constructing Parser
DEBUG:root:Constructing put subparser
INFO:root:Retrieving snippet 'CAR'
INFO:root:Snippet fetched successfully
DEBUG:root:Connecting to PostgreSQL
DEBUG:root:Database connection established.
INFO:root:Constructing Parser
DEBUG:root:Constructing put subparser
INFO:root:Retrieving snippet 'fish'
INFO:root:Snippet fetched successfully
ERROR:root:Tried to get 'fish' snippet but does not exist!
DEBUG:root:Connecting to PostgreSQL
DEBUG:root:Database connection established.
INFO:root:Constructing Parser
DEBUG:root:Constructing put subparser
INFO:root:Retrieving snippet 'fish'
ERROR:root:Tried to get 'fish' snippet but does not exist!
INFO:root:Snippet fetched successfully
DEBUG:root:Connecting to PostgreSQL
DEBUG:root:Database connection established.
INFO:root:Constructing Parser
DEBUG:root:Constructing put subparser
INFO:root:Retrieving snippet 'fish'
ERROR:root:Tried to get 'fish' snippet but does not exist!
DEBUG:root:Connecting to PostgreSQL
DEBUG:root:Database connection established.
INFO:root:Constructing Parser
DEBUG:root:Constructing put subparser
INFO:root:Storing snippet 'CAR': 'ting for lover'
DEBUG:root:Connecting to PostgreSQL
DEBUG:root:Database connection established.
INFO:root:Constructing Parser
DEBUG:root:Constructing put subparser
INFO:root:Storing snippet 'CAR': 'ting for lover'
INFO:root:Snippet stored successfully.
DEBUG:root:Connecting to PostgreSQL
DEBUG:root:Database connection established.
INFO:root:Constructing Parser
DEBUG:root:Constructing put subparser
INFO:root:Retrieving snippet 'CAR'
INFO:root:Snippet fetched successfully
